<?xml version="1.0" encoding="UTF-8"?>
<robot generator="Robot 7.1.1 (Python 3.12.3 on linux)" generated="2024-11-14T00:18:35.923116" rpa="false" schemaversion="5">
<suite id="s1" name="Tests" source="/home/hanterio/webcounter-repositorio/webcounter/src/tests">
<suite id="s1-s1" name="Increment" source="/home/hanterio/webcounter-repositorio/webcounter/src/tests/increment.robot">
<kw name="Open And Configure Browser" owner="resource" type="SETUP">
<if>
<branch type="IF" condition="$BROWSER == 'chrome'">
<kw name="Evaluate" owner="BuiltIn">
<msg time="2024-11-14T00:18:36.026483" level="INFO">${options} = &lt;selenium.webdriver.chrome.options.Options object at 0x7ff06911e480&gt;</msg>
<var>${options}</var>
<arg>sys.modules['selenium.webdriver'].ChromeOptions()</arg>
<arg>sys</arg>
<doc>Evaluates the given expression in Python and returns the result.</doc>
<status status="PASS" start="2024-11-14T00:18:36.026296" elapsed="0.000211"/>
</kw>
<status status="PASS" start="2024-11-14T00:18:36.025988" elapsed="0.000568"/>
</branch>
<branch type="ELSE IF" condition="$BROWSER == 'firefox'">
<kw name="Evaluate" owner="BuiltIn">
<var>${options}</var>
<arg>sys.modules['selenium.webdriver'].FirefoxOptions()</arg>
<arg>sys</arg>
<doc>Evaluates the given expression in Python and returns the result.</doc>
<status status="NOT RUN" start="2024-11-14T00:18:36.026640" elapsed="0.000014"/>
</kw>
<status status="NOT RUN" start="2024-11-14T00:18:36.026582" elapsed="0.000095"/>
</branch>
<status status="PASS" start="2024-11-14T00:18:36.025973" elapsed="0.000721"/>
</if>
<if>
<branch type="IF" condition="$HEADLESS == 'true'">
<kw name="Set Selenium Speed" owner="SeleniumLibrary">
<arg>0</arg>
<doc>Sets the delay that is waited after each Selenium command.</doc>
<status status="NOT RUN" start="2024-11-14T00:18:36.026814" elapsed="0.000067"/>
</kw>
<kw name="Call Method" owner="BuiltIn">
<arg>${options}</arg>
<arg>add_argument</arg>
<arg>--headless</arg>
<doc>Calls the named method of the given object with the provided arguments.</doc>
<status status="NOT RUN" start="2024-11-14T00:18:36.026929" elapsed="0.000012"/>
</kw>
<status status="NOT RUN" start="2024-11-14T00:18:36.026723" elapsed="0.000237"/>
</branch>
<branch type="ELSE">
<kw name="Set Selenium Speed" owner="SeleniumLibrary">
<arg>${DELAY}</arg>
<doc>Sets the delay that is waited after each Selenium command.</doc>
<status status="PASS" start="2024-11-14T00:18:36.027017" elapsed="0.000144"/>
</kw>
<status status="PASS" start="2024-11-14T00:18:36.026976" elapsed="0.000211"/>
</branch>
<status status="PASS" start="2024-11-14T00:18:36.026716" elapsed="0.000489"/>
</if>
<kw name="Open Browser" owner="SeleniumLibrary">
<msg time="2024-11-14T00:18:36.027388" level="INFO">Opening browser 'chrome' to base url 'None'.</msg>
<arg>browser=${BROWSER}</arg>
<arg>options=${options}</arg>
<doc>Opens a new browser instance to the optional ``url``.</doc>
<status status="PASS" start="2024-11-14T00:18:36.027257" elapsed="1.547585"/>
</kw>
<status status="PASS" start="2024-11-14T00:18:36.025846" elapsed="1.549096"/>
</kw>
<test id="s1-s1-t1" name="At start the counter is zero" line="7">
<kw name="Go To" owner="SeleniumLibrary">
<msg time="2024-11-14T00:18:37.575414" level="INFO">Opening url 'http://localhost:5001'</msg>
<arg>${HOME_URL}</arg>
<doc>Navigates the current browser window to the provided ``url``.</doc>
<status status="PASS" start="2024-11-14T00:18:37.575297" elapsed="0.543743"/>
</kw>
<kw name="Title Should Be" owner="SeleniumLibrary">
<msg time="2024-11-14T00:18:38.625189" level="INFO">Page title is 'Laskuri'.</msg>
<arg>Laskuri</arg>
<doc>Verifies that the current page title equals ``title``.</doc>
<status status="PASS" start="2024-11-14T00:18:38.119261" elapsed="0.506161"/>
</kw>
<kw name="Page Should Contain" owner="SeleniumLibrary">
<msg time="2024-11-14T00:18:39.653424" level="INFO">Current page contains text 'nappia painettu 0 kertaa'.</msg>
<arg>nappia painettu 0 kertaa</arg>
<doc>Verifies that current page contains ``text``.</doc>
<status status="PASS" start="2024-11-14T00:18:38.625858" elapsed="1.027668"/>
</kw>
<status status="PASS" start="2024-11-14T00:18:37.575012" elapsed="2.078698"/>
</test>
<test id="s1-s1-t2" name="When button pressed twice the counter is two" line="12">
<kw name="Go To" owner="SeleniumLibrary">
<msg time="2024-11-14T00:18:39.654197" level="INFO">Opening url 'http://localhost:5001'</msg>
<arg>${HOME_URL}</arg>
<doc>Navigates the current browser window to the provided ``url``.</doc>
<status status="PASS" start="2024-11-14T00:18:39.654090" elapsed="0.514664"/>
</kw>
<kw name="Click Button" owner="SeleniumLibrary">
<msg time="2024-11-14T00:18:40.169560" level="INFO">Clicking button 'Paina'.</msg>
<arg>Paina</arg>
<doc>Clicks the button identified by ``locator``.</doc>
<status status="PASS" start="2024-11-14T00:18:40.169070" elapsed="1.567846"/>
</kw>
<kw name="Click Button" owner="SeleniumLibrary">
<msg time="2024-11-14T00:18:41.737710" level="INFO">Clicking button 'Paina'.</msg>
<arg>Paina</arg>
<doc>Clicks the button identified by ``locator``.</doc>
<status status="PASS" start="2024-11-14T00:18:41.737395" elapsed="1.565524"/>
</kw>
<kw name="Page Should Contain" owner="SeleniumLibrary">
<msg time="2024-11-14T00:18:44.319757" level="INFO">Current page contains text 'nappia painettu 2 kertaa'.</msg>
<arg>nappia painettu 2 kertaa</arg>
<doc>Verifies that current page contains ``text``.</doc>
<status status="PASS" start="2024-11-14T00:18:43.303560" elapsed="1.016392"/>
</kw>
<status status="PASS" start="2024-11-14T00:18:39.653890" elapsed="4.666455"/>
</test>
<kw name="Close Browser" owner="SeleniumLibrary" type="TEARDOWN">
<doc>Closes the current browser.</doc>
<status status="PASS" start="2024-11-14T00:18:44.321245" elapsed="0.630033"/>
</kw>
<status status="PASS" start="2024-11-14T00:18:35.935047" elapsed="9.016299"/>
</suite>
<status status="PASS" start="2024-11-14T00:18:35.923604" elapsed="9.028153"/>
</suite>
<statistics>
<total>
<stat pass="2" fail="0" skip="0">All Tests</stat>
</total>
<tag>
</tag>
<suite>
<stat pass="2" fail="0" skip="0" id="s1" name="Tests">Tests</stat>
<stat pass="2" fail="0" skip="0" id="s1-s1" name="Increment">Tests.Increment</stat>
</suite>
</statistics>
<errors>
</errors>
</robot>
